Using pre-set license
Built from '2020.3/staging' branch; Version is '2020.3.5f1 (8095aa901b9b) revision 8426922'; Using compiler version '192528614'; Build Type 'Release'
OS: 'Windows 10 Pro; OS build 19042.985; Version 2009; 64bit' Language: 'es' Physical Memory: 16299 MB
BatchMode: 1, IsHumanControllingUs: 0, StartBugReporterOnCrash: 0, Is64bit: 1, IsPro: 0

 COMMAND LINE ARGUMENTS:
D:\ProyectosUnity\2020.3.5f1\Editor\Unity.exe
-adb2
-batchMode
-noUpm
-name
AssetImportWorker0
-projectPath
D:/ProgramacionGit/FundamentosProgramacion/Cubo
-logFile
Logs/AssetImportWorker0.log
-srvPort
54946
Successfully changed project path to: D:/ProgramacionGit/FundamentosProgramacion/Cubo
D:/ProgramacionGit/FundamentosProgramacion/Cubo
Using Asset Import Pipeline V2.
Refreshing native plugins compatible for Editor in 19.23 ms, found 0 plugins.
Preloading 0 native plugins for Editor in 0.00 ms.
Initialize engine version: 2020.3.5f1 (8095aa901b9b)
[Subsystems] Discovering subsystems at path D:/ProyectosUnity/2020.3.5f1/Editor/Data/Resources/UnitySubsystems
[Subsystems] Discovering subsystems at path D:/ProgramacionGit/FundamentosProgramacion/Cubo/Assets
GfxDevice: creating device client; threaded=0
Direct3D:
    Version:  Direct3D 11.0 [level 11.1]
    Renderer: NVIDIA GeForce RTX 2060 (ID=0x1f08)
    Vendor:   
    VRAM:     5980 MB
    Driver:   27.21.14.6140
Initialize mono
Mono path[0] = 'D:/ProyectosUnity/2020.3.5f1/Editor/Data/Managed'
Mono path[1] = 'D:/ProyectosUnity/2020.3.5f1/Editor/Data/MonoBleedingEdge/lib/mono/unityjit'
Mono config path = 'D:/ProyectosUnity/2020.3.5f1/Editor/Data/MonoBleedingEdge/etc'
Using monoOptions --debugger-agent=transport=dt_socket,embedding=1,server=y,suspend=n,address=127.0.0.1:56652
Begin MonoManager ReloadAssembly
Registering precompiled unity dll's ...
Register platform support module: D:/ProyectosUnity/2020.3.5f1/Editor/Data/PlaybackEngines/WindowsStandaloneSupport/UnityEditor.WindowsStandalone.Extensions.dll
Registered in 0.001101 seconds.
Native extension for WindowsStandalone target not found
Refreshing native plugins compatible for Editor in 18.46 ms, found 0 plugins.
Preloading 0 native plugins for Editor in 0.00 ms.
Mono: successfully reloaded assembly
- Completed reload, in  0.942 seconds
Platform modules already initialized, skipping
Registering precompiled user dll's ...
Registered in 0.000545 seconds.
Begin MonoManager ReloadAssembly
Native extension for WindowsStandalone target not found
Refreshing native plugins compatible for Editor in 0.17 ms, found 0 plugins.
Preloading 0 native plugins for Editor in 0.00 ms.
Mono: successfully reloaded assembly
- Completed reload, in  0.823 seconds
Platform modules already initialized, skipping
========================================================================
Worker process is ready to serve import requests
Launched and connected shader compiler UnityShaderCompiler.exe after 0.07 seconds
Refreshing native plugins compatible for Editor in 0.17 ms, found 0 plugins.
Preloading 0 native plugins for Editor in 0.00 ms.
Unloading 1114 Unused Serialized files (Serialized files now loaded: 0)
System memory in use before: 57.7 MB.
System memory in use after: 57.8 MB.

Unloading 9 unused Assets to reduce memory usage. Loaded Objects now: 1561.
Total: 2.382100 ms (FindLiveObjects: 0.248700 ms CreateObjectMapping: 0.102000 ms MarkObjects: 1.953000 ms  DeleteObjects: 0.077200 ms)

========================================================================
Received Import Request.
  path: Assets/Skybox/New Material.mat
  artifactKey: Guid(fa27a86da0c205540a023364ba090c39) Importer(815301076,1909f56bfc062723c751e8b465ee728b)
Start importing Assets/Skybox/New Material.mat using Guid(fa27a86da0c205540a023364ba090c39) Importer(815301076,1909f56bfc062723c751e8b465ee728b)  -> (artifact id: 'b5c1476a4788216a36e22bea3937e339') in 0.612388 seconds
  Import took 0.671663 seconds .

AssetImportWorkerClient::OnTransportError - code=2 error=End of file
